RtkFullFactoryMenu/app/build/intermediates/manifest_merge_blame_file/release/manifest-merger-blame-release-report.txt
1<?xml version="1.0" encoding="utf-8"?>
2<manifest xmlns:android="http://schemas.android.com/apk/res/android"
3    package="com.realtek.fullfactorymenu"
4    android:sharedUserId="android.uid.system"
5    android:versionCode="31"
6    android:versionName="221130" >
7
8    <uses-sdk
9        android:minSdkVersion="28"
9-->src\main\AndroidManifest.xml
10        android:targetSdkVersion="30" />
10-->src\main\AndroidManifest.xml
11
12    <uses-permission android:name="android.permission.ACCESS_NETWORK_STATE" />
12-->src\main\AndroidManifest.xml:6:5-79
12-->src\main\AndroidManifest.xml:6:22-76
13    <uses-permission android:name="android.permission.BLUETOOTH" />
13-->src\main\AndroidManifest.xml:7:5-68
13-->src\main\AndroidManifest.xml:7:22-65
14    <uses-permission android:name="android.permission.BLUETOOTH_ADMIN" />
14-->src\main\AndroidManifest.xml:8:5-74
14-->src\main\AndroidManifest.xml:8:22-71
15    <uses-permission android:name="android.permission.REBOOT" />
15-->src\main\AndroidManifest.xml:9:5-65
15-->src\main\AndroidManifest.xml:9:22-62
16    <uses-permission android:name="android.permission.SYSTEM_ALERT_WINDOW" />
16-->src\main\AndroidManifest.xml:10:5-78
16-->src\main\AndroidManifest.xml:10:22-75
17    <uses-permission android:name="android.permission.WRITE_SECURE_SETTINGS" />
17-->src\main\AndroidManifest.xml:11:5-80
17-->src\main\AndroidManifest.xml:11:22-77
18
19    <application
19-->src\main\AndroidManifest.xml:13:5-39:19
20        android:name="com.realtek.fullfactorymenu.FactoryApplication"
20-->src\main\AndroidManifest.xml:14:9-70
21        android:allowBackup="true"
21-->src\main\AndroidManifest.xml:15:9-35
22        android:appComponentFactory="android.support.v4.app.CoreComponentFactory"
22-->[com.android.support:support-compat:28.0.0] AndroidManifest.xml:22:18-91
23        android:extractNativeLibs="false"
24        android:icon="@drawable/ic_launcher"
24-->src\main\AndroidManifest.xml:16:9-45
25        android:label="@string/app_name"
25-->src\main\AndroidManifest.xml:17:9-41
26        android:theme="@style/AppTheme" >
26-->src\main\AndroidManifest.xml:18:9-40
27        <uses-library android:name="rtk-framework" />
27-->src\main\AndroidManifest.xml:19:9-53
27-->src\main\AndroidManifest.xml:19:23-51
28        <uses-library android:name="exttv-framework" />
28-->src\main\AndroidManifest.xml:20:9-55
28-->src\main\AndroidManifest.xml:20:23-53
29
30        <activity
30-->src\main\AndroidManifest.xml:21:9-29:20
31            android:name="com.realtek.fullfactorymenu.FactoryMenuActivity"
31-->src\main\AndroidManifest.xml:22:13-75
32            android:label="@string/app_name"
32-->src\main\AndroidManifest.xml:23:13-45
33            android:theme="@style/AppTheme.FactoryMenuActivity" >
33-->src\main\AndroidManifest.xml:24:13-64
34            <intent-filter>
34-->src\main\AndroidManifest.xml:25:13-28:29
35                <action android:name="com.toptech.factory.action.FACTORY_MENU" />
35-->src\main\AndroidManifest.xml:26:17-82
35-->src\main\AndroidManifest.xml:26:25-79
36                <action android:name="android.intent.action.MAIN" />
36-->src\main\AndroidManifest.xml:27:17-69
36-->src\main\AndroidManifest.xml:27:25-66
37            </intent-filter>
38        </activity>
39        <activity
39-->src\main\AndroidManifest.xml:31:9-33:57
40            android:name="com.realtek.fullfactorymenu.user.UsbSelectorActivity"
40-->src\main\AndroidManifest.xml:32:13-80
41            android:theme="@style/TranslucentActivity" />
41-->src\main\AndroidManifest.xml:33:13-55
42
43        <service
43-->src\main\AndroidManifest.xml:35:9-38:46
44            android:name="com.realtek.fullfactorymenu.user.LogCatService"
44-->src\main\AndroidManifest.xml:36:13-74
45            android:exported="true"
45-->src\main\AndroidManifest.xml:37:13-36
46            android:process=":LogCatServer" />
46-->src\main\AndroidManifest.xml:38:13-44
47    </application>
48
49</manifest>